2026-02-10 12:28:22,414 - service.LoginAndAccess - [authenticateInDB] - (INFO) - Login successful! - 
2026-02-10 12:28:28,808 - service.Read - [readAll] - (INFO) - Employees data fetched - 
2026-02-10 12:33:43,249 - service.LoginAndAccess - [authenticateInFile] - (INFO) - Login successful
 - 
2026-02-10 12:34:05,235 - service.Create - [handleAdd] - (INFO) - New employee added: id=TT26014, name=rochisna, department=dev, role=[Manager] - 
2026-02-10 12:34:05,238 - service.Create - [handleAdd] - (INFO) - Password generated for new employee TT26014 - 
2026-02-10 12:34:37,029 - service.LoginAndAccess - [authenticateInFile] - (INFO) - Login successful
 - 
2026-02-11 10:39:28,529 - service.LoginAndAccess - [authenticateInDB] - (INFO) - Login successful. Employee ID: TT26001, Roles: Admin - 
2026-02-11 10:39:32,503 - service.Read - [readSelf] - (INFO) - Fetched self details for employee ID TT26001 - 
2026-02-11 10:46:33,972 - service.LoginAndAccess - [authenticateInDB] - (INFO) - Login successful. Employee ID: TT26001, Roles: Admin - 
2026-02-11 10:46:37,879 - service.Read - [readAll] - (INFO) - Employees data fetched - 
2026-02-11 10:51:29,315 - service.LoginAndAccess - [authenticateInFile] - (INFO) - Login successful. Employee ID: TT25001, Role: [Admin, Employee, ADMIN] - 
2026-02-11 10:53:31,732 - service.LoginAndAccess - [authenticateInDB] - (INFO) - Login successful. Employee ID: TT26001, Roles: Admin - 
2026-02-11 10:53:35,290 - service.Read - [readSelf] - (INFO) - Fetched self details for employee ID TT26001 - 
2026-02-11 10:53:45,365 - service.Read - [readInactive] - (ERROR) - Error fetching all employees: ERROR: syntax error at or near "FALE"
  Position: 98 - 
org.postgresql.util.PSQLException: ERROR: syntax error at or near "FALE"
  Position: 98
	at org.postgresql.core.v3.QueryExecutorImpl.receiveErrorResponse(QueryExecutorImpl.java:2725)
	at org.postgresql.core.v3.QueryExecutorImpl.processResults(QueryExecutorImpl.java:2412)
	at org.postgresql.core.v3.QueryExecutorImpl.execute(QueryExecutorImpl.java:371)
	at org.postgresql.jdbc.PgStatement.executeInternal(PgStatement.java:502)
	at org.postgresql.jdbc.PgStatement.execute(PgStatement.java:419)
	at org.postgresql.jdbc.PgPreparedStatement.executeWithFlags(PgPreparedStatement.java:194)
	at org.postgresql.jdbc.PgPreparedStatement.executeQuery(PgPreparedStatement.java:137)
	at service.Read.readInactive(Read.java:123)
	at controller.AdminMenu.showDBMenu(AdminMenu.java:137)
	at controller.MainMenu.DBMenu(MainMenu.java:127)
	at controller.MainMenu.Menu(MainMenu.java:44)
	at main.CrudAppMain.main(CrudAppMain.java:9)
2026-02-11 10:53:52,023 - service.Read - [readAll] - (INFO) - Employees data fetched - 
2026-02-11 10:56:30,414 - service.LoginAndAccess - [authenticateInDB] - (INFO) - Login successful. Employee ID: TT26001, Roles: Admin - 
2026-02-11 10:56:34,860 - service.Read - [readInactive] - (INFO) - Inactive Employees data fetched - 
2026-02-11 10:56:50,240 - service.Read - [readAll] - (INFO) - Employees data fetched - 
2026-02-11 10:57:05,094 - service.Read - [readSelf] - (INFO) - Fetched self details for employee ID TT26001 - 
2026-02-11 10:57:46,456 - service.LoginAndAccess - [authenticateInFile] - (INFO) - Login successful. Employee ID: TT25001, Role: [Admin, Employee, ADMIN] - 
2026-02-11 12:46:27,983 - service.LoginAndAccess - [accessCheckFile] - (WARN) - Invalid password. Please try again. - 
2026-02-11 12:46:37,990 - service.LoginAndAccess - [accessCheckFile] - (WARN) - Invalid Employee ID. Please try again. - 
2026-02-11 12:47:03,728 - service.LoginAndAccess - [accessCheckFile] - (WARN) - Invalid Employee ID. Please try again. - 
2026-02-11 12:47:06,263 - service.LoginAndAccess - [accessCheckFile] - (WARN) - Invalid Employee ID. Please try again. - 
2026-02-11 12:47:08,277 - service.LoginAndAccess - [accessCheckFile] - (WARN) - Invalid Employee ID. Please try again. - 
2026-02-11 12:47:08,278 - service.LoginAndAccess - [authenticateInFile] - (ERROR) - Exiting program. Max login attempts reached. - 
2026-02-11 12:47:18,817 - service.LoginAndAccess - [authenticateInDB] - (WARN) - Invalid Employee ID. Please try again. - 
2026-02-11 12:47:21,005 - service.LoginAndAccess - [authenticateInDB] - (WARN) - Invalid Employee ID. Please try again. - 
2026-02-11 12:47:22,759 - service.LoginAndAccess - [authenticateInDB] - (WARN) - Invalid Employee ID. Please try again. - 
2026-02-11 12:47:22,760 - service.LoginAndAccess - [authenticateInDB] - (ERROR) - Maximum login attempts exceeded. Exiting program. - 
2026-02-11 12:48:26,733 - service.LoginAndAccess - [authenticateInDB] - (WARN) - Invalid Employee ID. Please try again. - 
2026-02-11 12:48:28,297 - service.LoginAndAccess - [authenticateInDB] - (WARN) - Invalid Employee ID. Please try again. - 
2026-02-11 12:48:29,644 - service.LoginAndAccess - [authenticateInDB] - (WARN) - Invalid Employee ID. Please try again. - 
2026-02-11 12:48:29,645 - service.LoginAndAccess - [authenticateInDB] - (ERROR) - Maximum login attempts exceeded. Exiting program. - 
2026-02-12 11:08:35,823 - service.LoginAndAccess - [authenticateInDB] - (INFO) - Login successful. Employee ID: TT26001, Roles: Admin - 
2026-02-12 11:09:08,185 - service.Update - [handleUpdateDB] - (WARN) - Erroe updating data. - 
2026-02-12 11:09:28,576 - service.Update - [handleUpdateDB] - (WARN) - Erroe updating data. - 
2026-02-12 11:09:54,258 - service.Update - [handleUpdateDB] - (WARN) - Erroe updating data. - 
2026-02-12 11:10:21,875 - service.Update - [handleUpdateDB] - (WARN) - Erroe updating data. - 
2026-02-12 11:10:36,444 - service.Read - [readAllDB] - (INFO) - Employees data fetched - 
2026-02-12 11:11:54,629 - service.Delete - [handleDeleteDB] - (WARN) - Error deleting employee: Cannot invoke "dao.CrudImplementation.deleteDB(String)" because "ops" is null - 
java.lang.NullPointerException: Cannot invoke "dao.CrudImplementation.deleteDB(String)" because "ops" is null
	at service.Delete.handleDeleteDB(Delete.java:67)
	at controller.AdminMenu.showDBMenu(AdminMenu.java:135)
	at controller.MainMenu.DBMenu(MainMenu.java:124)
	at controller.MainMenu.Menu(MainMenu.java:45)
	at main.CrudAppMain.main(CrudAppMain.java:9)
2026-02-12 11:12:01,039 - service.Read - [readAllDB] - (INFO) - Employees data fetched - 
2026-02-12 11:23:19,346 - service.LoginAndAccess - [authenticateInDB] - (INFO) - Login successful. Employee ID: TT26001, Roles: Admin - 
2026-02-12 11:23:32,386 - service.Update - [handleUpdateDB] - (WARN) - Erroe updating data. - 
2026-02-12 11:24:52,131 - service.LoginAndAccess - [authenticateInDB] - (INFO) - Login successful. Employee ID: TT26001, Roles: Admin - 
2026-02-12 11:25:01,002 - service.Update - [handleUpdateDB] - (WARN) - ErroR updating data. - 
2026-02-12 11:27:28,013 - service.LoginAndAccess - [authenticateInDB] - (INFO) - Login successful. Employee ID: TT26001, Roles: Admin - 
2026-02-12 11:27:34,597 - service.Update - [handleUpdateDB] - (WARN) - Error updating data. - 
2026-02-12 11:28:42,662 - service.LoginAndAccess - [authenticateInDB] - (WARN) - Invalid Employee ID. Please try again. - 
2026-02-12 11:28:48,097 - service.LoginAndAccess - [authenticateInDB] - (INFO) - Login successful. Employee ID: TT26001, Roles: Admin - 
2026-02-12 11:29:03,469 - service.Update - [handleUpdateDB] - (WARN) - Error updating data. - 
2026-02-12 11:34:21,578 - service.LoginAndAccess - [authenticateInDB] - (INFO) - Login successful. Employee ID: TT26001, Roles: Admin - 
2026-02-12 11:34:38,931 - service.Read - [readOneDB] - (INFO) - Fetched employee with ID TT26004 - 
2026-02-12 11:34:38,934 - service.Update - [updateNameDB] - (INFO) - Updated name for employee ID TT26004: Shanmuk - 
2026-02-12 11:34:48,478 - service.Read - [readOneDB] - (INFO) - Fetched employee with ID TT26004 - 
2026-02-12 11:34:48,478 - service.Update - [updateMailDB] - (INFO) - Updated mail for employee ID TT26004: shan@gmail.commm - 
2026-02-12 11:34:53,780 - service.Read - [readOneDB] - (INFO) - Fetched employee with ID TT26004 - 
2026-02-12 11:34:53,781 - service.Update - [updateAddressDB] - (INFO) - Updated address for employee ID TT26004: hyd - 
2026-02-12 11:35:21,146 - service.Read - [readOneDB] - (INFO) - Fetched employee with ID TT26004 - 
2026-02-12 11:35:21,148 - service.Update - [updateDepartmentDB] - (INFO) - Updated department for employee ID TT26004: dev - 
2026-02-12 11:35:32,409 - service.Read - [readOneDB] - (INFO) - Fetched employee with ID TT26004 - 
2026-02-12 11:35:32,411 - service.Update - [updateRoleDB] - (INFO) - Added role EMPLOYEE to employee ID TT26004 - 
2026-02-12 11:35:46,038 - service.Read - [readAllDB] - (INFO) - Employees data fetched - 
2026-02-12 11:48:44,440 - service.LoginAndAccess - [authenticateInDB] - (INFO) - Login successful. Employee ID: TT26001, Roles: Admin - 
2026-02-12 11:48:56,670 - service.Read - [readOneDB] - (INFO) - Fetched employee with ID TT26004 - 
2026-02-12 11:48:56,672 - service.Update - [updateNameDB] - (INFO) - Updated name for employee ID TT26004: SHANMUK - 
2026-02-12 11:49:07,090 - service.Read - [readOneDB] - (INFO) - Fetched employee with ID TT26004 - 
2026-02-12 11:49:07,092 - service.Update - [updateMailDB] - (INFO) - Updated mail for employee ID TT26004: SHAN@123 - 
2026-02-12 11:49:14,867 - service.Read - [readOneDB] - (INFO) - Fetched employee with ID TT26004 - 
2026-02-12 11:49:14,867 - service.Update - [updateAddressDB] - (INFO) - Updated address for employee ID TT26004: hyd - 
2026-02-12 11:49:19,783 - service.Read - [readOneDB] - (INFO) - Fetched employee with ID TT26004 - 
2026-02-12 11:49:19,783 - service.Update - [updateDepartmentDB] - (INFO) - Updated department for employee ID TT26004: dev - 
2026-02-12 11:49:23,369 - service.Read - [readOneDB] - (INFO) - Fetched employee with ID TT26004 - 
2026-02-12 11:49:23,369 - service.Update - [updateRoleDB] - (INFO) - Added role ADMIN to employee ID TT26004 - 
2026-02-12 11:49:44,902 - service.Read - [readSelfDB] - (INFO) - Fetched self details for employee ID TT26001 - 
2026-02-12 11:50:01,065 - service.Delete - [handleDeleteDB] - (INFO) - Employee TT26004 has been deleted successfully. - 
2026-02-12 11:52:06,268 - service.LoginAndAccess - [authenticateInDB] - (INFO) - Login successful. Employee ID: TT26001, Roles: Admin - 
2026-02-12 11:52:10,997 - service.Read - [readAllDB] - (INFO) - Employees data fetched - 
2026-02-12 11:52:17,798 - service.Read - [readInactive] - (INFO) - Inactive Employees data fetched - 
2026-02-12 11:53:08,567 - service.Create - [handleAddDB] - (WARN) - Invalid input: Invalid email format - 
2026-02-12 12:43:02,161 - service.LoginAndAccess - [authenticateInDB] - (WARN) - Invalid password. Please try again. - 
2026-02-12 12:43:08,514 - service.LoginAndAccess - [authenticateInDB] - (WARN) - Invalid Employee ID. Please try again. - 
2026-02-12 12:43:17,173 - service.LoginAndAccess - [authenticateInDB] - (INFO) - Login successful. Employee ID: TT26001, Roles: Admin - 
2026-02-12 12:44:27,255 - service.RoleTableDB - [insertRole] - (INFO) - The role ADMIN added for employee TT26007 - 
2026-02-12 12:44:27,536 - service.Read - [readOneDB] - (INFO) - Fetched employee with ID TT26007 - 
2026-02-12 12:44:27,542 - service.Create - [handleAddDB] - (INFO) - New employee added: Details: Id: TT26007 Name: navya Mail:nav@tektalis.com Address:hyd Department:finance - 
2026-02-12 12:44:27,542 - service.Create - [handleAddDB] - (INFO) - Password generated for new employee TT26007 - 
2026-02-12 12:45:15,631 - service.Update - [updateRoleDB] - (INFO) - Added role ADMIN to employee ID TT26007 - 
2026-02-12 12:47:21,690 - service.LoginAndAccess - [authenticateInDB] - (INFO) - Login successful. Employee ID: TT26007, Roles: ADMIN - 
2026-02-12 12:47:37,877 - service.Update - [updateRoleDB] - (INFO) - Added role ADMIN to employee ID TT26007 - 
2026-02-12 12:48:20,754 - service.Update - [updateRoleDB] - (INFO) - Revoked role ADMIN from employee ID TT26007 - 
2026-02-12 12:48:46,693 - service.Read - [readSelfDB] - (INFO) - Fetched self details for employee ID TT26007 - 
2026-02-12 12:50:19,271 - service.LoginAndAccess - [authenticateInDB] - (INFO) - Login successful. Employee ID: TT26007, Roles: ADMIN - 
2026-02-12 12:59:49,925 - service.LoginAndAccess - [authenticateInDB] - (INFO) - Login successful. Employee ID: TT26007, Roles: ADMIN - 
2026-02-12 13:08:06,435 - service.LoginAndAccess - [authenticateInDB] - (INFO) - Login successful. Employee ID: TT26007, Roles: ADMIN - 
2026-02-12 13:08:57,881 - service.LoginAndAccess - [authenticateInDB] - (INFO) - Login successful. Employee ID: TT26007, Roles: ADMIN - 
2026-02-12 13:09:56,294 - service.LoginAndAccess - [authenticateInDB] - (INFO) - Login successful. Employee ID: TT26007, Roles: ADMIN - 
2026-02-12 14:42:15,930 - service.LoginAndAccess - [authenticateInDB] - (INFO) - Login successful. Employee ID: TT26001, Roles: Admin - 
2026-02-12 14:45:02,860 - service.LoginAndAccess - [authenticateInDB] - (INFO) - Login successful. Employee ID: TT26001, Roles: Admin - 
2026-02-12 14:45:54,935 - service.LoginAndAccess - [authenticateInDB] - (INFO) - Login successful. Employee ID: TT26001, Roles: Admin - 
2026-02-12 14:46:03,029 - service.PasswordMethods - [resetPasswordDB] - (INFO) - Password of employee TT26007 updated - 
2026-02-12 14:46:37,758 - service.LoginAndAccess - [authenticateInDB] - (INFO) - Login successful. Employee ID: TT26007, Roles: ADMIN - 
2026-02-12 14:46:56,749 - service.PasswordMethods - [updatePasswordDB] - (INFO) - Password updated successfully! - 
2026-02-12 14:47:14,390 - service.LoginAndAccess - [authenticateInDB] - (INFO) - Login successful. Employee ID: TT26007, Roles: ADMIN - 
2026-02-12 14:57:51,654 - service.LoginAndAccess - [authenticateInDB] - (INFO) - Login successful. Employee ID: TT26001, Roles: Admin - 
2026-02-12 14:58:12,437 - service.LoginAndAccess - [authenticateInDB] - (INFO) - Login successful. Employee ID: TT26007, Roles: ADMIN - 
2026-02-12 14:59:09,100 - service.LoginAndAccess - [authenticateInDB] - (INFO) - Login successful. Employee ID: TT26007, Roles: ADMIN - 
2026-02-12 14:59:27,755 - service.PasswordMethods - [updatePasswordDB] - (INFO) - Password updated successfully! - 
2026-02-12 15:03:13,990 - service.LoginAndAccess - [authenticateInFile] - (INFO) - Login successful. Employee ID: TT25001, Role: [Admin, Employee, ADMIN] - 
2026-02-12 15:04:39,107 - service.LoginAndAccess - [authenticateInFile] - (INFO) - Login successful. Employee ID: TT25001, Role: [Admin, Employee, ADMIN] - 
2026-02-12 15:04:50,940 - service.PasswordMethods - [updatePassword] - (INFO) - Password updated successfully! - 
